Arguments: 
  D:\nodejs8_ths\node.exe D:\nodejs8_ths\node_modules\yarn\bin\yarn.js gulp build

PATH: 
  D:\python\python3_x64_ths\Scripts\;D:\python\python3_x64_ths\;C:\Windows\system32;C:\Windows;C:\Windows\System32\Wbem;C:\Windows\System32\WindowsPowerShell\v1.0\;C:\Program Files\TortoiseSVN\bin;C:\Program Files\Anaconda3;C:\Program Files\Anaconda3\Scripts;C:\Program Files\Anaconda3\Library\bin;C:\Program Files\Anaconda2;C:\Program Files\Anaconda2\Scripts;C:\Program Files\Anaconda2\Library\bin;D:\nodejs8_ths;

Yarn version: 
  1.22.4

Node version: 
  8.11.3

Platform: 
  win32 x64

Trace: 
  SyntaxError: D:\project_self\疑问测试\testNotes\fed-e-task-02-01\code\gulp\package.json: Unexpected token } in JSON at position 578
      at JSON.parse (<anonymous>)
      at D:\nodejs8_ths\node_modules\yarn\lib\cli.js:1625:59
      at Generator.next (<anonymous>)
      at step (D:\nodejs8_ths\node_modules\yarn\lib\cli.js:310:30)
      at D:\nodejs8_ths\node_modules\yarn\lib\cli.js:321:13
      at <anonymous>

npm manifest: 
  {
    "name": "gulp-sample",
    "version": "1.0.0",
    "main": "index.js",
    "license": "MIT",
    "devDependencies": {
      "@babel/core": "^7.10.3",
      "@babel/preset-env": "^7.10.3",
      "browser-sync": "^2.26.7",
      "del": "^5.1.0",
      "gulp": "^4.0.2",
      "gulp-babel": "^8.0.0",
      "gulp-clean-css": "^4.3.0",
      "gulp-htmlmin": "^5.0.1",
      "gulp-if": "^3.0.0",
      "gulp-imagemin": "^7.1.0",
      "gulp-load-plugins": "^2.0.3",
      "gulp-rename": "^2.0.0",
      "gulp-sass": "^4.1.0",
      "gulp-swig": "^0.9.1",
      "gulp-uglify": "^3.0.2",
      "gulp-useref": "^4.0.1",
    },
    "dependencies": {
      "bootstrap": "^4.5.0"
    }
  }

yarn manifest: 
  No manifest

Lockfile: 
  No lockfile
